<?xml version="1.0" encoding="UTF-8"?>
<!-- Generated by org.testng.reporters.JUnitReportReporter -->
<testsuite hostname="LAPTOP-U7JF4VT8" failures="0" tests="15" name="testing_classes.NewTest" time="0.753" errors="0" timestamp="2021-06-16T22:44:18 SGT" skipped="0">
  <testcase classname="testing_classes.NewTest" name="f" time="0.012"/>
  <system-out/>
  <testcase classname="testing_classes.NewTest" name="f" time="0.026"/>
  <system-out/>
  <testcase classname="testing_classes.NewTest" name="f" time="0.022"/>
  <system-out/>
  <testcase classname="testing_classes.NewTest" name="f" time="0.023"/>
  <system-out/>
  <testcase classname="testing_classes.NewTest" name="f" time="0.016"/>
  <system-out/>
  <testcase classname="testing_classes.NewTest" name="f" time="0.120"/>
  <system-out/>
  <testcase classname="testing_classes.NewTest" name="f" time="0.029"/>
  <system-out/>
  <testcase classname="testing_classes.NewTest" name="f" time="0.015"/>
  <system-out/>
  <testcase classname="testing_classes.NewTest" name="f" time="0.109"/>
  <system-out/>
  <testcase classname="testing_classes.NewTest" name="f" time="0.007"/>
  <system-out/>
  <testcase classname="testing_classes.NewTest" name="f" time="0.113"/>
  <system-out/>
  <testcase classname="testing_classes.NewTest" name="f" time="0.125"/>
  <system-out/>
  <testcase classname="testing_classes.NewTest" name="f" time="0.012"/>
  <system-out/>
  <testcase classname="testing_classes.NewTest" name="f" time="0.007"/>
  <system-out/>
  <testcase classname="testing_classes.NewTest" name="f" time="0.117"/>
  <system-out/>
</testsuite> <!-- testing_classes.NewTest -->
